2021-01-05 23:23:39,737 - instabot version: 0.117.0 (bot) - INFO - Instabot version: 0.117.0 Started
2021-01-05 23:23:39,737 - instabot version: 0.117.0 (bot) - DEBUG - Bot imported from /home/ubuntu/spottedgram/venv/lib/python3.8/site-packages/instabot/bot/bot.py
2021-01-05 23:23:39,737 - instabot version: 0.117.0 (api_login) - INFO - Not yet logged in starting: PRE-LOGIN FLOW!
2021-01-05 23:23:39,950 - instabot version: 0.117.0 (api) - DEBUG - POST to endpoint: accounts/get_prefill_candidates/ returned response: <Response [200]>
2021-01-05 23:23:40,133 - instabot version: 0.117.0 (api) - DEBUG - POST to endpoint: qe/sync/ returned response: <Response [200]>
2021-01-05 23:23:40,308 - instabot version: 0.117.0 (api) - DEBUG - POST to endpoint: launcher/sync/ returned response: <Response [200]>
2021-01-05 23:23:40,478 - instabot version: 0.117.0 (api) - DEBUG - POST to endpoint: accounts/contact_point_prefill/ returned response: <Response [200]>
2021-01-05 23:23:42,954 - instabot version: 0.117.0 (api) - DEBUG - POST to endpoint: accounts/login/ returned response: <Response [200]>
2021-01-05 23:23:42,954 - instabot version: 0.117.0 (api) - INFO - Logged-in successfully as 'spotted_unicamp'!
2021-01-05 23:23:42,954 - instabot version: 0.117.0 (api_login) - INFO - LOGIN FLOW! Just logged-in: True
2021-01-05 23:23:43,163 - instabot version: 0.117.0 (api) - DEBUG - POST to endpoint: qe/sync/ returned response: <Response [200]>
2021-01-05 23:23:43,424 - instabot version: 0.117.0 (api) - DEBUG - POST to endpoint: launcher/sync/ returned response: <Response [200]>
2021-01-05 23:23:43,592 - instabot version: 0.117.0 (api) - DEBUG - GET to endpoint: zr/token/result/?device_id=android-be84f265b55a8206&token_hash=&custom_device_id=android-be84f265b55a8206&fetch_reason=token_expired returned response: <Response [200]>
2021-01-05 23:23:43,786 - instabot version: 0.117.0 (api) - DEBUG - GET to endpoint: multiple_accounts/get_account_family/ returned response: <Response [200]>
2021-01-05 23:23:43,964 - instabot version: 0.117.0 (api) - DEBUG - POST to endpoint: qe/sync/ returned response: <Response [200]>
2021-01-05 23:23:44,298 - instabot version: 0.117.0 (api) - DEBUG - GET to endpoint: igtv/browse_feed/?prefetch=1 returned response: <Response [200]>
2021-01-05 23:23:44,470 - instabot version: 0.117.0 (api) - DEBUG - POST to endpoint: creatives/ar_class/ returned response: <Response [200]>
2021-01-05 23:23:44,696 - instabot version: 0.117.0 (api) - DEBUG - POST to endpoint: feed/reels_tray/ returned response: <Response [200]>
2021-01-05 23:23:46,146 - instabot version: 0.117.0 (api) - DEBUG - POST to endpoint: feed/timeline/ returned response: <Response [200]>
2021-01-05 23:23:46,310 - instabot version: 0.117.0 (api) - DEBUG - GET to endpoint: media/blocked/ returned response: <Response [200]>
2021-01-05 23:23:46,778 - instabot version: 0.117.0 (api) - DEBUG - GET to endpoint: news/inbox/ returned response: <Response [200]>
2021-01-05 23:23:46,950 - instabot version: 0.117.0 (api) - DEBUG - GET to endpoint: loom/fetch_config/ returned response: <Response [200]>
2021-01-05 23:23:47,543 - instabot version: 0.117.0 (api) - DEBUG - GET to endpoint: scores/bootstrap/users/?surfaces=["autocomplete_user_list","coefficient_besties_list_ranking","coefficient_rank_recipient_user_suggestion","coefficient_ios_section_test_bootstrap_ranking","coefficient_direct_recipients_ranking_variant_2"] returned response: <Response [200]>
2021-01-05 23:23:47,720 - instabot version: 0.117.0 (api) - DEBUG - GET to endpoint: business/eligibility/get_monetization_products_eligibility_data/?product_types=branded_content returned response: <Response [200]>
2021-01-05 23:23:47,889 - instabot version: 0.117.0 (api) - DEBUG - GET to endpoint: business/branded_content/should_require_professional_account/ returned response: <Response [200]>
2021-01-05 23:23:48,061 - instabot version: 0.117.0 (api) - DEBUG - GET to endpoint: linked_accounts/get_linkage_status/ returned response: <Response [200]>
2021-01-05 23:23:48,235 - instabot version: 0.117.0 (api) - DEBUG - GET to endpoint: locations/request_country/ returned response: <Response [200]>
2021-01-05 23:23:48,403 - instabot version: 0.117.0 (api) - DEBUG - GET to endpoint: qp/get_cooldowns/?signed_body=signed_body=4b9c516a5410a3bc128e09c6104a7f042146b9c2023870560c63a43a7f66781c.4&ig_sig_key_version=4&ig_sig_key_version=4 returned response: <Response [200]>
2021-01-05 23:23:48,577 - instabot version: 0.117.0 (api) - DEBUG - GET to endpoint: users/arlink_download_info/?version_override=2.2.1 returned response: <Response [200]>
2021-01-05 23:23:49,089 - instabot version: 0.117.0 (api) - DEBUG - GET to endpoint: users/44547012183/info/ returned response: <Response [200]>
2021-01-05 23:23:49,562 - instabot version: 0.117.0 (api) - DEBUG - GET to endpoint: direct_v2/get_presence/ returned response: <Response [200]>
2021-01-05 23:23:49,853 - instabot version: 0.117.0 (api) - DEBUG - GET to endpoint: direct_v2/inbox/?visual_message_return_type=unseen&thread_message_limit=10&persistentBadging=true&limit=20 returned response: <Response [200]>
2021-01-05 23:23:50,085 - instabot version: 0.117.0 (api) - DEBUG - GET to endpoint: direct_v2/inbox/?visual_message_return_type=unseen&persistentBadging=true&limit=0 returned response: <Response [200]>
2021-01-05 23:23:52,111 - instabot version: 0.117.0 (api) - DEBUG - GET to endpoint: discover/topical_explore/?is_prefetch=true&omit_cover_media=true&use_sectional_payload=true&timezone_offset=0&session_id=30b69e99-35e5-4dd7-bb04-7f740be455a0&include_fixed_destinations=true returned response: <Response [200]>
2021-01-05 23:23:52,279 - instabot version: 0.117.0 (api) - DEBUG - POST to endpoint: notifications/badge/ returned response: <Response [200]>
2021-01-05 23:23:52,546 - instabot version: 0.117.0 (api) - DEBUG - POST to endpoint: qp/batch_fetch/ returned response: <Response [200]>
2021-01-05 23:23:52,547 - instabot version: 0.117.0 (bot_checkpoint) - DEBUG - Loading Checkpoint file from: /home/ubuntu/spottedgram/config/spotted_unicamp.checkpoint
2021-01-05 23:24:12,964 - instabot version: 0.117.0 (api) - DEBUG - POST to endpoint: media/configure/? returned response: <Response [200]>
2021-01-05 23:24:13,126 - instabot version: 0.117.0 (api) - DEBUG - POST to endpoint: qe/expose/ returned response: <Response [200]>
2021-01-05 23:24:13,126 - instabot version: 0.117.0 (bot_photo) - INFO - Photo 'assets/sample-out.jpg' is uploaded.
2021-01-05 23:24:38,630 - instabot version: 0.117.0 (api) - DEBUG - POST to endpoint: media/configure/? returned response: <Response [200]>
2021-01-05 23:24:38,793 - instabot version: 0.117.0 (api) - DEBUG - POST to endpoint: qe/expose/ returned response: <Response [200]>
2021-01-05 23:24:38,793 - instabot version: 0.117.0 (bot_photo) - INFO - Photo 'assets/sample-out.jpg' is uploaded.
2021-01-05 23:24:56,252 - instabot version: 0.117.0 (bot_checkpoint) - DEBUG - Saving Checkpoint file to: /home/ubuntu/spottedgram/config/spotted_unicamp.checkpoint
2021-01-05 23:24:56,252 - instabot version: 0.117.0 (bot) - INFO - Total requests: 35
